
: 
: 
: 
: 
COPY STARTING

(ADELE:38)SIZES.SAV COPIED TO (ADELE:31)SIZES.SAV

25452 (25343) CHARS. TRANSMITTED

: 
COPY STARTING

(ADELE:38)SIZES.SAV COPIED TO (ADELE:32)SIZES.SAV

25452 (25343) CHARS. TRANSMITTED

: 
COPY STARTING

(ADELE:38)SIZES.SAV COPIED TO (ADELE:33)SIZES.SAV

25452 (25343) CHARS. TRANSMITTED

: 
SYSTEM UNAVAILABLE

: 
COPY STARTING

(ADELE:38)SIZES.SAV COPIED TO (ADELE:35)SIZES.SAV

25452 (25343) CHARS. TRANSMITTED

: 
COPY STARTING

(ADELE:38)SIZES.SAV COPIED TO (ADELE:36)SIZES.SAV

25452 (25343) CHARS. TRANSMITTED

: 
COPY STARTING

(ADELE:38)SIZES.SAV COPIED TO (ADELE:37)SIZES.SAV

25452 (25343) CHARS. TRANSMITTED

: 
"COPY TO" AND "COPY FROM" SYSTEM MUST NOT BE THE SAME.

: 
COPY STARTING

(ADELE:38)SIZES.SAV COPIED TO (ADELE:39)SIZES.SAV

25452 (25343) CHARS. TRANSMITTED

: 
COPY STARTING

(ADELE:38)SIZES.SAV COPIED TO (ADELE:30)SIZES.SAV

25452 (25343) CHARS. TRANSMITTED

: 
COPY STARTING

(ADELE:38)SIZES.SAV COPIED TO (ADELE:28)SIZES.SAV

25452 (25343) CHARS. TRANSMITTED

: 
COPY STARTING

(ADELE:38)SIZES.SAV COPIED TO (ADELE:29)SIZES.SAV

25452 (25343) CHARS. TRANSMITTED

: 
COPY STARTING

(ADELE:38)SIZES.SAV COPIED TO (ADELE:27)SIZES.SAV

25452 (25343) CHARS. TRANSMITTED

: 
COPY STARTING

(ADELE:38)SIZES.SAV COPIED TO (ADELE:90)SIZES.SAV

25452 (25343) CHARS. TRANSMITTED

: 
COPY STARTING

(ADELE:38)SIZES.SAV COPIED TO (ADELE:26)SIZES.SAV

25452 (25343) CHARS. TRANSMITTED

: 
COPY STARTING

(ADELE:38)SIZES.SAV COPIED TO (ADELE:25)SIZES.SAV

25452 (25343) CHARS. TRANSMITTED

: 
COPY STARTING

(ADELE:38)SIZES.SAV COPIED TO (ADELE:23)SIZES.SAV

25452 (25343) CHARS. TRANSMITTED

: 
COPY STARTING

CIRCUIT ZAPPED - ABORTING.

: 
COPY STARTING

(ADELE:38)SIZES.SAV COPIED TO (ADELE:83)SIZES.SAV

25452 (25343) CHARS. TRANSMITTED

: 
COPY STARTING

(ADELE:38)SIZES.SAV COPIED TO (ADELE:54)SIZES.SAV

25452 (25343) CHARS. TRANSMITTED

: 
COPY STARTING

(ADELE:38)SIZES.SAV COPIED TO (ADELE:59)SIZES.SAV

25452 (25343) CHARS. TRANSMITTED

: 
COPY STARTING

(ADELE:38)SIZES.SAV COPIED TO (ADELE:56)SIZES.SAV

25452 (25343) CHARS. TRANSMITTED

: 