
BAD printer number (word 0 of record) for #96
  Bad value = 0
BAD printer number (word 0 of record) for #97
  Bad value = 0
BAD printer number (word 0 of record) for #98
  Bad value = 0
BAD printer number (word 0 of record) for #99
  Bad value = 0
Node #4 claims that it is assigned to printer #4
 but there is no address for that printer!
Node #790 claims that it is assigned to printer #93
 but there is no address for that printer!

PRINTER LOCATION NUMBER 1
WESTERN COMPUTER OPERATIONS-A 
10201 BUBB RD     
CUPERTINO,CA  95014     
408-446-6301

NODES

1
1000

PRINTER LOCATION NUMBER 2
VALLEY FORGE COMPUTER OPERATIONS    
VALLEY FORGE CORPORATE CENTER 
930 JEFFERSON AVE. P.O.BOX 862
NORRISTOWN, PA 19401    
215-666-9660

NODES

3

PRINTER LOCATION NUMBER 3
SOUTHERN COMPUTER OPERATIONS  
6400 SOUTHWEST FREEWAY, SUITE 150   
HOUSTON, TEXAS  77074   
713-785-3100

NODES

2

PRINTER LOCATION NUMBER 5
BUILDING 102
CONSOLE OPERATOR  
24302 

NODES

5

PRINTER LOCATION NUMBER 6
WESTERN COMPUTER OPERATIONS - C     
10201 BUBB RD.    
CUPERTINO, CA.  95014   
408-446-7705

NODES

6
6 +

PRINTER LOCATION NUMBER 7
SLIGOS S.A. 
91 RUE JEAN JAURES
92807 PUTEAUX     
FRANCE
776.42.42   

NODES

7

PRINTER LOCATION NUMBER 8
TYMSHARE CORPORATE HEADQUARTERS     
20705 VALLEY GREEN DRIVE
CUPERTINO,CA 95014
408-446-6381

NODES

441
516
637
1054
1127
1155
1200
1303
1326
1327
2033
2037
2242
441 +
504 +
516 +
637 +
1000 +
1017 +
1020 +
1021 +
1054 +
1060 +
1072 +
1120 +
1127 +
1136 +
1150 +
1155 +
1215 +
1303 +
1326 +
1327 +
2033 +
2037 +
2242 +

PRINTER LOCATION NUMBER 10
SAN FRANCISCO DISTRICT  
601 MONTGOMERY STREET   
6TH FLOOR   
SAN FRANCISCO,CA  94111 
415-956-6440

NODES

1010
1045
1126

PRINTER LOCATION NUMBER 35
TYMSHARE, INC.    
2570 EL CAMINO REAL WEST
MT. VIEW, CA. 94040     
415-941-6010

NODES

1017
1021
1060
1070
1072
1136

PRINTER LOCATION NUMBER 36
260 MADISON AVE      16TH FLOOR     
NEW YORK, N.Y.      10016     
212/490-6700

NODES

1034
1036
1044
1112

PRINTER LOCATION NUMBER 37
CHICAGO DISTRICT OFFICE 
150 N. WACKER DR., SUITE 2900 
CHICAGO, ILL.  60606    
312-641-6550

NODES

1012
1116
1141
1205
1547

PRINTER LOCATION NUMBER 38
WASHINGTON DISTRICT OFFICE    
1500 WILSON AVENUE, SUITE 220 
ROSSLYN, VIRGINIA 
703-841-3400

NODES

1011
1022
1120
1142

PRINTER LOCATION NUMBER 39
727 W 7TH STREET  
SUITE 1100  
LOS ANGELES,CA  90017   
213-625-7566

NODES

1006
1024
1037
1144
1406
1406 +

PRINTER LOCATION NUMBER 40
SEATTLE BRANCH OFFICE   
2200 SIXTH AVE.,STE.810 
SEATTLE, WASH. 98121    
206-623-8321

NODES

1023

PRINTER LOCATION NUMBER 41
BUFFALO DISTRICT OFFICE 
10 LAFAYETTE SQ., SUITE 1401  
BUFFALO, N.Y. 14203     
716-854-4770

NODES

1003
1015
1016

PRINTER LOCATION NUMBER 42
STAMFORD BRANCH OFFICE  
36 OLD KINGS HIGHWAY SOUTH    
DARIEN, CONN. 06820     
203-655-8961

NODES

1033

PRINTER LOCATION NUMBER 43
BATON ROUGE OFFICE
3233 SHERWOOD FOREST BLVD.    
SUITE 201   
BATON ROUGE, LA  70816  
504-292-0701

NODES

1046

PRINTER LOCATION NUMBER 44
NEW JERSEY BRANCH 
1200 WALL STREET WEST   
LYNHURST, NEW JERSEY    
201-460-0600

NODES

1035
1053
1073

PRINTER LOCATION NUMBER 45
SAN DIEGO DISTRICT
5353 MISSION CENTER RD. , STE. 210  
SAN DIEGO, CA  92324    
714-291-8787

NODES

1025

PRINTER LOCATION NUMBER 47
DALLAS TYMSHARE   
SUITE 230-E MOCKINGBIRD TOWERS
1341 WEST MOCKINGBIRD LANE    
DALLAS, TEXAS 75247     
214-638-4200

NODES

1030
1450

PRINTER LOCATION NUMBER 48
HARTFORD BRANCH   
50 FOUNDERS PLAZA, 1ST FLOOR  
E. HARTFORD, CONN 06108 
203-728-5400

NODES

1041
1454
1643
1643 +

PRINTER LOCATION NUMBER 49
BALTIMORE BRANCH  
ONE NORTH CHARLES ST., 809    
BALTIMORE, MD 21201     
301-685-0515

NODES

1056

PRINTER LOCATION NUMBER 50
DETROIT DISTRICT OFFICE 
1754 BUHL BLD.    
535 GRISWALD STREET     
DETROIT, MICHIGAN  48226
313-963-4666

NODES

1013
1122

PRINTER LOCATION NUMBER 51
PHILADELPHIA BRANCH     
1700 MARKET STREET, SUITE 1814
PHILADELPHIA, PA 19103  
(215) 567-6600    

NODES

1032

PRINTER LOCATION NUMBER 52
MINNEAPOLIS BRANCH
2850 METRO DR.,STE.321  
BLOOMINGTON,MINN. 55420 
612-854-2651

NODES

1175

PRINTER LOCATION NUMBER 53
BOSTON DISTRICT OFFICE  
ONE FEDERAL STREET
29TH FLOOR  
BOSTON, MA  02110 
617-482-7250

NODES

1040
1115
1247

PRINTER LOCATION NUMBER 54
PITTSBURGH BRANCH 
H.K.PORTER BLDG.  
601 GRANT ST.,STE.217   
PITTSBURGH, PA. 15219   
412-765-3540

NODES

1063

PRINTER LOCATION NUMBER 55
DENVER BRANCH     
777 GRANT ST., #100     
DENVER COLORADO  80203  
D     
303-534-8844

NODES

1065

PRINTER LOCATION NUMBER 56
HOUSTON DISTRICT OFFFICE
6630 HARWIN DR., #120   
HOUSTON, TEXAS 77036    
713-785-7720

NODES

1137

PRINTER LOCATION NUMBER 57
GULF COAST BRANCH 
ONE CANAL PLACE   
SUITE 2202  
NEW ORLEANS, LA   70130 
504-586-8041

NODES

1050

PRINTER LOCATION NUMBER 58
PORTLAND BRANCH   
700 NORTHEAST MULTNOMAH 
SUITE 478   
PORTLAND, OREGON  97232 
503-231-1986

NODES

1051
1051 +

PRINTER LOCATION NUMBER 59
727 NORTH FIRST STREET  
SUITE 640   
ST. LOUIS, MO   63102   
314/231/2900

NODES

1043

PRINTER LOCATION NUMBER 61
MDSI  
320 NORTH MAIN ST.
ANN ARBOR, MICH.  48104 
313-761-7750

NODES

1005
1111

PRINTER LOCATION NUMBER 63
CEGI TYMSHARE BELGUIM   
326 AVENUE LOUISE 
1050 BRUSSELS, BELGIUM  
649.61.70   

NODES

1075
1075 +

PRINTER LOCATION NUMBER 64
CEGI-TYMSHARE     
106 BUREAUX DE LA COLLINE     
DE ST-CLOUD 
92213 ST-CLOUD, FRANCE  
602.70.12   

NODES

145
1067
1113
1123
1125
1146
1151
1246
1605
145 +
1067 +
1113 +
1123 +
1125 +
1146 +
1151 +
1246 +
1605 +

PRINTER LOCATION NUMBER 65
SUITE 2212  
235 PEACHTREE ST. N.E.  
ATLANTA,GA  30303 
404-659-5161

NODES

1064

PRINTER LOCATION NUMBER 66
CLEVELAND DISTRICT OFFICE     
815 SUPERIOR AVE. 
CLEVELAND, OHIO 44114   
216-696-5599

NODES

703
1172

PRINTER LOCATION NUMBER 67
DYNATAX - CTS     
212 NORTH MARKET ST.    
WICHITA, KANSAS  67202  
316-262-3531

NODES

1167
1407
1167 +
1407 +

PRINTER LOCATION NUMBER 68
SOUTHERN COMPUTER OPERATIONS  
6400 SOUTHWEST FREEWAY, SUITE 150   
HOUSTON, TEXAS  77074   
713-785-3100

NODES

1106
1134
1134 +
1244 +

PRINTER LOCATION NUMBER 69
TAYLORIX-TYMSHARE GMBH  
LYONET-STR 44     
6 FRANKFURT, NIEDERRAD  
(0611) 66.30.56   

NODES

1161
1164
1161 +

PRINTER LOCATION NUMBER 70
TYMSHARE U.K.     
KEW BRIDGE HOUSE  
KEW BRIDGE ROAD   
BRENTFORD,MIDDLESEX TW8-OEJ   
01/568-4277 

NODES

1001
1154
1160
1001 +
1154 +
1160 +

PRINTER LOCATION NUMBER 71
TYMSHARE INC.     
1110 BRICKELL AVE. #300 
MIAMI, FLA 33131  
(305)374-5300     

NODES

1124

PRINTER LOCATION NUMBER 72
CONSUMERS POWER COMPANY 
COMPUTER CENTER   
1945 W. PARNALL ROAD    
JACKSON, MICHIGAN 49201 
517-787-1046

NODES

1057

PRINTER LOCATION NUMBER 73
TYMSHARE CANADA LTD.    
111 RICHMOND ST. WEST   
TORONTO, ONTARIO, CANADA
416-863-6910

NODES

1153

PRINTER LOCATION NUMBER 74
COMMUNICATIONS SUPPORT LAB    
10231 BUBB ROAD   
CUPERTINO, CA 95014     
(408)446-7157     

NODES

1110

PRINTER LOCATION NUMBER 75
MILWAUKEE DISTRICT OFFICE     
10701 W. NORTH AVE.     
SUITE 206   
MILWAUKEE, WISCONSIN 53226    
(414)-257-3330    

NODES

1004

PRINTER LOCATION NUMBER 76
KOKUSAI TYMSHARE, LTD.  
13-5,KUDAN-KITA,1-CHOME 
CHIYODA-KU, TOKYO, JAPAN
(03)262-8711

NODES

1270
1271
1270 +
1271 +

PRINTER LOCATION NUMBER 77
11900 PARK LAWN DRIVE   
ROCKVILLE, MARYLAND  20852    
301-770-5710

NODES

1121
1121 +

PRINTER LOCATION NUMBER 78
WESTERN COMPUTER OPERATIONS   
10201 BUBB ROAD   
CUPERTINO, CA  95014    
408-446-6301

NODES

1117
1150
1321
1321 +

PRINTER LOCATION NUMBER 80
SACRAMENTO OFFICE 
555 CAPITOL MALL  #295  
SACRAMENTO CA  98614    
916-441-1610

NODES

1052

PRINTER LOCATION NUMBER 81
GATEWAY 1   
7-45 RAYMOND PLAZA WEST 
NEWARK,NEW JERSEY 07102 
(201)645-6800     

NODES

1300
1565

PRINTER LOCATION NUMBER 82
46 INDUSTRIAL AVENUE    
MAHWAH, NJ  07430 
(201)825-1100     

NODES

1002
1002 +

PRINTER LOCATION NUMBER 83
SLIGOS S.A. 
91 RUE JEAN JAURES
92807 FRANCE,PUTEAUX    
776,42,42   

NODES

1074
1323
1324

PRINTER LOCATION NUMBER 86
PLANMETRICS 
233 SO WACKER DRIVE     
SUITE 5320  
CHICAGO,IL  60606 
312-876-2700

NODES

1277

PRINTER LOCATION NUMBER 88
KOKUSAI TYMSHARE,LTD.   
30, AZUCHIMACHI 2-CHOME 
HIGASHI-KU, OSAKA, JAPAN
06-266-3971 

NODES

1272
1273

PRINTER LOCATION NUMBER 89
TYMSHARE PROFESSIONAL SERVICES PRODUCT DIV.     
6800 POPLAR PLACE 
MCLEAN, VA   22101
703/790-1370

NODES

1100

PRINTER LOCATION NUMBER 90
DALLAS COMPUTER OPERATIONS    
6333 HARRY HINES BLVD.  
DALLAS, TX 75235  
(214) 637-7435    

NODES

1425
1425 +

PRINTER LOCATION NUM4
FREMONT COMPUTER OPERATIONS   
4340 SOLAR WAY    
FREMONT, CA 
(415)498-2588     

NODES

234
563
M6hî